Cost does not exist
All Chunks does not have a cost entered or cost is zero.
Way to Life Granola does not have a cost entered or cost is zero.
// Bag (Paper, plastic, or waxed) does not have a cost entered or cost is zero.
// Bag (Paper, plastic, or waxed) does not an associated category.
Flower To Fruit Sri Lanka does not have a cost entered or cost is zero.
Flower To Fruit Sri Lanka does not an associated category.
Bulk Almonds does not have a cost entered or cost is zero.
Field Day Brown Rice Spaghetti does not an associated category.
Flower To Fruit La Cubana does not have a cost entered or cost is zero.
Flower To Fruit La Cubana does not an associated category.
Custom Item logged
Custom Item does not have a cost entered or cost is zero.
Custom Item does not an associated category.
// Card Minimum Charge (Credit, Debit, Cal1) does not have a cost entered or cost is zero.
// Card Minimum Charge (Credit, Debit, Cal1) does not an associated category.
Amazake does not have a cost entered or cost is zero.
Amazake does not an associated category.
Marin Kombucha Apple Juniper does not have a cost entered or cost is zero.
Marin Kombucha Apple Juniper does not an associated category.
Equal Exchange Extreme Dark (2.8 oz.) does not an associated category.
GT Trilogy 64 oz. does not an associated category.
Milk Chocolate Peanut Butter Cups (Bulk) does not have a cost entered or cost is zero.
Marin Kombucha Original does not have a cost entered or cost is zero.
Marin Kombucha Original does not an associated category.
Flower To Fruit Rolled Taro Leaf does not have a cost entered or cost is zero.
16 Oz Marin Kombucha does not have a cost entered or cost is zero.
Peanuts does not have a cost entered or cost is zero.
Equal Exchange Chocolate does not have a cost entered or cost is zero.
Equal Exchange Chocolate does not an associated category.
Tofy Yu Spucy Tortilla Wraps does not have a cost entered or cost is zero.
Flower to Fruit Tipico does not have a cost entered or cost is zero.
Larabar (All Larabars) does not an associated category.
Equal Exchange Mini does not have a cost entered or cost is zero.
// Food Prep (Sliding Scale) does not have a cost entered or cost is zero.
Equal Exchange Lemon Ginger (2.8 oz.) does not an associated category.
Skin care oil: sweet almond, Aura Cacia does not have a cost entered or cost is zero.
Morso Mocha Coffee Bar does not have a cost entered or cost is zero.
Morso Mocha Coffee Bar does not an associated category.
Dream Bars does not have a cost entered or cost is zero.
Dream Bars does not an associated category.
Bulk Rolled Oats does not have a cost entered or cost is zero.
Vegan Sugar does not have a cost entered or cost is zero.
Lenny & Larry's The Complete Cookie Snickerdoodle does not an associated category.
// Cup (for coffee, tea, kombucha, soup, &c.) does not have a cost entered or cost is zero.
// Cup (for coffee, tea, kombucha, soup, &c.) does not an associated category.
Bob's Red Mill Gluten Free Oatmeal Classic does not an associated category.
Squarebar Choco Peanutbutter does not have a cost entered or cost is zero.
Squarebar Choco Peanutbutter does not an associated category.
Bob's Red Mill Gluten Free Oatmeal Classic does not an associated category.
Flower To Fruit La Cubana does not have a cost entered or cost is zero.
Flower To Fruit La Cubana does not an associated category.
Custom Item logged
Custom Item does not have a cost entered or cost is zero.
Custom Item does not an associated category.
Squarebar Choco Peanutbutter does not have a cost entered or cost is zero.
Squarebar Choco Peanutbutter does not an associated category.
All Chunks does not have a cost entered or cost is zero.
Way to Life Granola does not have a cost entered or cost is zero.
// Bag (Paper, plastic, or waxed) does not have a cost entered or cost is zero.
// Bag (Paper, plastic, or waxed) does not an associated category.
Flower To Fruit Sri Lanka does not have a cost entered or cost is zero.
Flower To Fruit Sri Lanka does not an associated category.
Bulk Almonds does not have a cost entered or cost is zero.
Field Day Brown Rice Spaghetti does not an associated category.
// Card Minimum Charge (Credit, Debit, Cal1) does not have a cost entered or cost is zero.
// Card Minimum Charge (Credit, Debit, Cal1) does not an associated category.
Amazake does not have a cost entered or cost is zero.
Amazake does not an associated category.
Marin Kombucha Apple Juniper does not have a cost entered or cost is zero.
Marin Kombucha Apple Juniper does not an associated category.
Equal Exchange Extreme Dark (2.8 oz.) does not an associated category.
GT Trilogy 64 oz. does not an associated category.
Milk Chocolate Peanut Butter Cups (Bulk) does not have a cost entered or cost is zero.
Marin Kombucha Original does not have a cost entered or cost is zero.
Marin Kombucha Original does not an associated category.
Flower To Fruit Rolled Taro Leaf does not have a cost entered or cost is zero.
16 Oz Marin Kombucha does not have a cost entered or cost is zero.
Peanuts does not have a cost entered or cost is zero.
Equal Exchange Chocolate does not have a cost entered or cost is zero.
Equal Exchange Chocolate does not an associated category.
Tofy Yu Spucy Tortilla Wraps does not have a cost entered or cost is zero.
Flower to Fruit Tipico does not have a cost entered or cost is zero.
Larabar (All Larabars) does not an associated category.
Equal Exchange Mini does not have a cost entered or cost is zero.
// Food Prep (Sliding Scale) does not have a cost entered or cost is zero.
Equal Exchange Lemon Ginger (2.8 oz.) does not an associated category.
Skin care oil: sweet almond, Aura Cacia does not have a cost entered or cost is zero.
Morso Mocha Coffee Bar does not have a cost entered or cost is zero.
Morso Mocha Coffee Bar does not an associated category.
Dream Bars does not have a cost entered or cost is zero.
Dream Bars does not an associated category.
Bulk Rolled Oats does not have a cost entered or cost is zero.
Vegan Sugar does not have a cost entered or cost is zero.
Bob's Red Mill Gluten Free Oatmeal Classic does not an associated category.
Flower To Fruit La Cubana does not have a cost entered or cost is zero.
Flower To Fruit La Cubana does not an associated category.
Custom Item logged
Custom Item does not have a cost entered or cost is zero.
Custom Item does not an associated category.
Squarebar Choco Peanutbutter does not have a cost entered or cost is zero.
Squarebar Choco Peanutbutter does not an associated category.
All Chunks does not have a cost entered or cost is zero.
Way to Life Granola does not have a cost entered or cost is zero.
// Bag (Paper, plastic, or waxed) does not have a cost entered or cost is zero.
// Bag (Paper, plastic, or waxed) does not an associated category.
Flower To Fruit Sri Lanka does not have a cost entered or cost is zero.
Flower To Fruit Sri Lanka does not an associated category.
Bulk Almonds does not have a cost entered or cost is zero.
Field Day Brown Rice Spaghetti does not an associated category.
// Card Minimum Charge (Credit, Debit, Cal1) does not have a cost entered or cost is zero.
// Card Minimum Charge (Credit, Debit, Cal1) does not an associated category.
Amazake does not have a cost entered or cost is zero.
Amazake does not an associated category.
Marin Kombucha Apple Juniper does not have a cost entered or cost is zero.
Marin Kombucha Apple Juniper does not an associated category.
Equal Exchange Extreme Dark (2.8 oz.) does not an associated category.
GT Trilogy 64 oz. does not an associated category.
Milk Chocolate Peanut Butter Cups (Bulk) does not have a cost entered or cost is zero.
Marin Kombucha Original does not have a cost entered or cost is zero.
Marin Kombucha Original does not an associated category.
Flower To Fruit Rolled Taro Leaf does not have a cost entered or cost is zero.
16 Oz Marin Kombucha does not have a cost entered or cost is zero.
Peanuts does not have a cost entered or cost is zero.
Equal Exchange Chocolate does not have a cost entered or cost is zero.
Equal Exchange Chocolate does not an associated category.
Tofy Yu Spucy Tortilla Wraps does not have a cost entered or cost is zero.
Flower to Fruit Tipico does not have a cost entered or cost is zero.
Larabar (All Larabars) does not an associated category.
Equal Exchange Mini does not have a cost entered or cost is zero.
// Food Prep (Sliding Scale) does not have a cost entered or cost is zero.
Equal Exchange Lemon Ginger (2.8 oz.) does not an associated category.
Skin care oil: sweet almond, Aura Cacia does not have a cost entered or cost is zero.
Morso Mocha Coffee Bar does not have a cost entered or cost is zero.
Morso Mocha Coffee Bar does not an associated category.
Dream Bars does not have a cost entered or cost is zero.
Dream Bars does not an associated category.
Amazake does not have a cost entered or cost is zero.
Amazake does not an associated category.
Custom Item logged
Custom Item does not have a cost entered or cost is zero.
Custom Item does not an associated category.
Way to Life Granola does not have a cost entered or cost is zero.
NewTree Cassis does not an associated category.
Licorice does not have a cost entered or cost is zero.
Flower To Fruit La Cubana does not have a cost entered or cost is zero.
Flower To Fruit La Cubana does not an associated category.
All Chunks does not have a cost entered or cost is zero.
// Bag (Paper, plastic, or waxed) does not have a cost entered or cost is zero.
// Bag (Paper, plastic, or waxed) does not an associated category.
Flower to Fruit Tipico does not have a cost entered or cost is zero.
Edward & Sons Garden Veggie Bouillon Cubes does not an associated category.
Dried Apples does not have a cost entered or cost is zero.
Flower To Fruit Buckwheat Soba does not have a cost entered or cost is zero.
Flower To Fruit Buckwheat Soba does not an associated category.
Veggie Jerky (Hung Yang) does not an associated category.
Gimme Chips Sriracha Chips 4 oz. does not an associated category.
Flower To Fruit Rolled Taro Leaf does not have a cost entered or cost is zero.
Coffee, small 8 oz. does not have a cost entered or cost is zero.
Coffee, small 8 oz. does not an associated category.
1 Bamboo Straw does not have a cost entered or cost is zero.
1 Bamboo Straw does not an associated category.
Flower To Fruit Sri Lanka does not have a cost entered or cost is zero.
Flower To Fruit Sri Lanka does not an associated category.
House Sun Blossom Kombucha does not have a cost entered or cost is zero.
Brew Dr Kombucha does not an associated category.
Tofu Yu Mungbean Sprout Salad does not an associated category.
Muslin Bag Large does not have a cost entered or cost is zero.
Kevita Hibiscus Berry does not have a cost entered or cost is zero.
Larabar (All Larabars) does not an associated category.
Marin Kombucha Apple Juniper does not have a cost entered or cost is zero.
Marin Kombucha Apple Juniper does not an associated category.
Tofy Yu Spucy Tortilla Wraps does not have a cost entered or cost is zero.
Synergy does not have a cost entered or cost is zero.
Amazake does not have a cost entered or cost is zero.
Amazake does not an associated category.
Custom Item logged
Custom Item does not have a cost entered or cost is zero.
Custom Item does not an associated category.
Way to Life Granola does not have a cost entered or cost is zero.
NewTree Cassis does not an associated category.
Licorice does not have a cost entered or cost is zero.
Flower To Fruit La Cubana does not have a cost entered or cost is zero.
Flower To Fruit La Cubana does not an associated category.
All Chunks does not have a cost entered or cost is zero.
// Bag (Paper, plastic, or waxed) does not have a cost entered or cost is zero.
// Bag (Paper, plastic, or waxed) does not an associated category.
Flower to Fruit Tipico does not have a cost entered or cost is zero.
Edward & Sons Garden Veggie Bouillon Cubes does not an associated category.
Dried Apples does not have a cost entered or cost is zero.
Flower To Fruit Buckwheat Soba does not have a cost entered or cost is zero.
Flower To Fruit Buckwheat Soba does not an associated category.
Veggie Jerky (Hung Yang) does not an associated category.
Gimme Chips Sriracha Chips 4 oz. does not an associated category.
Flower To Fruit Rolled Taro Leaf does not have a cost entered or cost is zero.
Coffee, small 8 oz. does not have a cost entered or cost is zero.
Coffee, small 8 oz. does not an associated category.
1 Bamboo Straw does not have a cost entered or cost is zero.
1 Bamboo Straw does not an associated category.
Flower To Fruit Sri Lanka does not have a cost entered or cost is zero.
Flower To Fruit Sri Lanka does not an associated category.
House Sun Blossom Kombucha does not have a cost entered or cost is zero.
Brew Dr Kombucha does not an associated category.
Tofu Yu Mungbean Sprout Salad does not an associated category.
Muslin Bag Large does not have a cost entered or cost is zero.
Kevita Hibiscus Berry does not have a cost entered or cost is zero.
Larabar (All Larabars) does not an associated category.
Marin Kombucha Apple Juniper does not have a cost entered or cost is zero.
Marin Kombucha Apple Juniper does not an associated category.
Tofy Yu Spucy Tortilla Wraps does not have a cost entered or cost is zero.
Synergy does not have a cost entered or cost is zero.
